<?xml version="1.0" encoding="UTF-8"?>
<testsuite xmlns:xsi="http://www.w3.org/2001/XMLSchema-instance" xsi:noNamespaceSchemaLocation="https://maven.apache.org/surefire/maven-surefire-plugin/xsd/surefire-test-report-3.0.xsd" version="3.0" name="com.chatbot.demo.DemostracionChatbotApplicationTests" time="2.28" tests="1" errors="0" skipped="0" failures="0">
  <properties>
[...]
</properties>
  <testcase name="contextLoads" classname="com.chatbot.demo.DemostracionChatbotApplicationTests" time="0.804">
    <system-out><![CDATA[13:28:29.398 [main] INFO org.springframework.test.context.support.AnnotationConfigContextLoaderUtils -- Could not detect default configuration classes for test class [com.chatbot.demo.DemostracionChatbotApplicationTests]: DemostracionChatbotApplicationTests does not declare any static, non-private, non-final, nested classes annotated with @Configuration.
13:28:29.482 [main] INFO org.springframework.boot.test.context.SpringBootTestContextBootstrapper -- Found @SpringBootConfiguration com.chatbot.demo.DemoMain for test class com.chatbot.demo.DemostracionChatbotApplicationTests

  .   ____          _            __ _ _
 /\\ / ___'_ __ _ _(_)_ __  __ _ \ \ \ \
( ( )\___ | '_ | '_| | '_ \/ _` | \ \ \ \
 \\/  ___)| |_)| | | | | || (_| |  ) ) ) )
  '  |____| .__|_| |_|_| |_\__, | / / / /
 =========|_|==============|___/=/_/_/_/
 :: Spring Boot ::                (v3.1.1)

2023-07-21T13:28:29.808+02:00  INFO 5528 --- [           main] .c.d.DemostracionChatbotApplicationTests : Starting DemostracionChatbotApplicationTests using Java 17.0.1 with PID 5528 (started by ivan.diaz.vilas in C:\Users\ivan.diaz.vilas\eclipse-workspace\demo)
2023-07-21T13:28:29.809+02:00  INFO 5528 --- [           main] .c.d.DemostracionChatbotApplicationTests : No active profile set, falling back to 1 default profile: "default"
2023-07-21T13:28:30.732+02:00  INFO 5528 --- [           main] .c.d.DemostracionChatbotApplicationTests : Started DemostracionChatbotApplicationTests in 1.124 seconds (process running for 1.845)
]]></system-out>
  </testcase>
</testsuite>